0 info it worked if it ends with ok
1 verbose cli [ '/usr/bin/node', '/usr/bin/npm', 'run', 'watch:less' ]
2 info using npm@3.5.2
3 info using node@v8.10.0
4 verbose run-script [ 'prewatch:less', 'watch:less', 'postwatch:less' ]
5 info lifecycle weather-app@1.0.0~prewatch:less: weather-app@1.0.0
6 silly lifecycle weather-app@1.0.0~prewatch:less: no script for prewatch:less, continuing
7 info lifecycle weather-app@1.0.0~watch:less: weather-app@1.0.0
8 verbose lifecycle weather-app@1.0.0~watch:less: unsafe-perm in lifecycle true
9 verbose lifecycle weather-app@1.0.0~watch:less: PATH: /usr/share/npm/bin/node-gyp-bin:/home/jeavio71/Weather App/node_modules/.bin:/usr/local/sbin:/usr/local/bin:/usr/sbin:/usr/bin:/sbin:/bin:/usr/games:/usr/local/games:/snap/bin
10 verbose lifecycle weather-app@1.0.0~watch:less: CWD: /home/jeavio71/Weather App
11 silly lifecycle weather-app@1.0.0~watch:less: Args: [ '-c', 'less-watch-compile less css' ]
12 info lifecycle weather-app@1.0.0~watch:less: Failed to exec watch:less script
13 verbose stack Error: weather-app@1.0.0 watch:less: `less-watch-compile less css`
13 verbose stack spawn ENOENT
13 verbose stack     at ChildProcess.<anonymous> (/usr/share/npm/lib/utils/spawn.js:17:16)
13 verbose stack     at emitTwo (events.js:126:13)
13 verbose stack     at ChildProcess.emit (events.js:214:7)
13 verbose stack     at maybeClose (internal/child_process.js:925:16)
13 verbose stack     at Process.ChildProcess._handle.onexit (internal/child_process.js:209:5)
14 verbose pkgid weather-app@1.0.0
15 verbose cwd /home/jeavio71/Weather App
16 error Linux 5.0.0-37-generic
17 error argv "/usr/bin/node" "/usr/bin/npm" "run" "watch:less"
18 error node v8.10.0
19 error npm  v3.5.2
20 error file sh
21 error code ELIFECYCLE
22 error errno ENOENT
23 error syscall spawn
24 error weather-app@1.0.0 watch:less: `less-watch-compile less css`
24 error spawn ENOENT
25 error Failed at the weather-app@1.0.0 watch:less script 'less-watch-compile less css'.
25 error Make sure you have the latest version of node.js and npm installed.
25 error If you do, this is most likely a problem with the weather-app package,
25 error not with npm itself.
25 error Tell the author that this fails on your system:
25 error     less-watch-compile less css
25 error You can get information on how to open an issue for this project with:
25 error     npm bugs weather-app
25 error Or if that isn't available, you can get their info via:
25 error     npm owner ls weather-app
25 error There is likely additional logging output above.
26 verbose exit [ 1, true ]
